<?xml version="1.0" encoding="UTF-8"?>
<!-- Generated by org.testng.reporters.JUnitReportReporter -->
<testsuite hostname="DEEPAKs-MacBook-Air.local" failures="0" tests="1" name="testCases.TC001_AccountRegistrationTest" time="12.684" errors="0" timestamp="2024-10-27T21:04:44 GMT" skipped="0">
  <testcase classname="testCases.TC001_AccountRegistrationTest" name="verify_Account_Registration" time="12.684"/>
</testsuite> <!-- testCases.TC001_AccountRegistrationTest -->
