<?xml version="1.0" encoding="UTF-8"?>
<!-- Generated by org.testng.reporters.JUnitReportReporter -->
<testsuite hostname="DEEPAKs-MacBook-Air.local" failures="0" tests="1" name="testCases.TC001_AccountRegistrationTest" time="11.670" errors="0" timestamp="2025-01-19T19:25:29 GMT" skipped="0">
  <testcase classname="testCases.TC001_AccountRegistrationTest" name="verify_Account_Registration" time="11.670"/>
</testsuite> <!-- testCases.TC001_AccountRegistrationTest -->
