<?xml version="1.0" encoding="UTF-8"?>
<!-- Generated by org.testng.reporters.JUnitReportReporter -->
<testsuite hostname="DEEPAKs-MacBook-Air.local" failures="0" tests="1" name="testCases.TC002_LoginTest" time="1.427" errors="0" timestamp="2025-01-30T10:33:41 GMT" skipped="0">
  <testcase classname="testCases.TC002_LoginTest" name="verify_login" time="1.427"/>
</testsuite> <!-- testCases.TC002_LoginTest -->
