<?xml version="1.0" encoding="UTF-8"?>
<!-- Generated by org.testng.reporters.JUnitReportReporter -->
<testsuite hostname="DEEPAKs-MacBook-Air.local" failures="0" tests="1" name="testCases.TC001_AccountRegistrationTest" time="1.966" errors="0" timestamp="2024-10-28T16:04:46 GMT" skipped="0">
  <testcase classname="testCases.TC001_AccountRegistrationTest" name="verify_Account_Registration" time="1.966"/>
</testsuite> <!-- testCases.TC001_AccountRegistrationTest -->
